{"C:\\Users\\gunars\\Documents\\snake\\js\\LinkedList.js": {"path":"C:\\Users\\gunars\\Documents\\snake\\js\\LinkedList.js","statementMap":{"0":{"start":{"line":3,"column":4},"end":{"line":3,"column":21}},"1":{"start":{"line":4,"column":4},"end":{"line":4,"column":20}},"2":{"start":{"line":8,"column":17},"end":{"line":8,"column":52}},"3":{"start":{"line":9,"column":4},"end":{"line":9,"column":21}},"4":{"start":{"line":10,"column":4},"end":{"line":10,"column":18}},"5":{"start":{"line":14,"column":17},"end":{"line":14,"column":33}},"6":{"start":{"line":15,"column":16},"end":{"line":15,"column":29}},"7":{"start":{"line":16,"column":4},"end":{"line":18,"column":5}},"8":{"start":{"line":17,"column":6},"end":{"line":17,"column":41}},"9":{"start":{"line":19,"column":4},"end":{"line":19,"column":16}},"10":{"start":{"line":23,"column":4},"end":{"line":23,"column":55}},"11":{"start":{"line":23,"column":43},"end":{"line":23,"column":55}},"12":{"start":{"line":25,"column":18},"end":{"line":25,"column":27}},"13":{"start":{"line":26,"column":4},"end":{"line":28,"column":5}},"14":{"start":{"line":26,"column":17},"end":{"line":26,"column":18}},"15":{"start":{"line":27,"column":6},"end":{"line":27,"column":29}},"16":{"start":{"line":29,"column":4},"end":{"line":29,"column":19}},"17":{"start":{"line":33,"column":4},"end":{"line":33,"column":53}},"18":{"start":{"line":33,"column":21},"end":{"line":33,"column":53}},"19":{"start":{"line":35,"column":17},"end":{"line":35,"column":43}},"20":{"start":{"line":36,"column":4},"end":{"line":36,"column":34}},"21":{"start":{"line":36,"column":22},"end":{"line":36,"column":34}},"22":{"start":{"line":38,"column":4},"end":{"line":38,"column":53}},"23":{"start":{"line":39,"column":4},"end":{"line":39,"column":18}},"24":{"start":{"line":45,"column":4},"end":{"line":45,"column":23}},"25":{"start":{"line":46,"column":4},"end":{"line":46,"column":21}}},"fnMap":{"0":{"name":"(anonymous_0)","decl":{"start":{"line":2,"column":2},"end":{"line":2,"column":3}},"loc":{"start":{"line":2,"column":17},"end":{"line":5,"column":3}},"line":2},"1":{"name":"(anonymous_1)","decl":{"start":{"line":7,"column":2},"end":{"line":7,"column":3}},"loc":{"start":{"line":7,"column":22},"end":{"line":11,"column":3}},"line":7},"2":{"name":"(anonymous_2)","decl":{"start":{"line":13,"column":2},"end":{"line":13,"column":3}},"loc":{"start":{"line":13,"column":32},"end":{"line":20,"column":3}},"line":13},"3":{"name":"(anonymous_3)","decl":{"start":{"line":22,"column":2},"end":{"line":22,"column":3}},"loc":{"start":{"line":22,"column":20},"end":{"line":30,"column":3}},"line":22},"4":{"name":"(anonymous_4)","decl":{"start":{"line":32,"column":2},"end":{"line":32,"column":3}},"loc":{"start":{"line":32,"column":30},"end":{"line":40,"column":3}},"line":32},"5":{"name":"(anonymous_5)","decl":{"start":{"line":44,"column":2},"end":{"line":44,"column":3}},"loc":{"start":{"line":44,"column":27},"end":{"line":47,"column":3}},"line":44}},"branchMap":{"0":{"loc":{"start":{"line":23,"column":4},"end":{"line":23,"column":55}},"type":"if","locations":[{"start":{"line":23,"column":4},"end":{"line":23,"column":55}},{"start":{"line":23,"column":4},"end":{"line":23,"column":55}}],"line":23},"1":{"loc":{"start":{"line":23,"column":8},"end":{"line":23,"column":41}},"type":"binary-expr","locations":[{"start":{"line":23,"column":8},"end":{"line":23,"column":17}},{"start":{"line":23,"column":21},"end":{"line":23,"column":41}}],"line":23},"2":{"loc":{"start":{"line":33,"column":4},"end":{"line":33,"column":53}},"type":"if","locations":[{"start":{"line":33,"column":4},"end":{"line":33,"column":53}},{"start":{"line":33,"column":4},"end":{"line":33,"column":53}}],"line":33},"3":{"loc":{"start":{"line":36,"column":4},"end":{"line":36,"column":34}},"type":"if","locations":[{"start":{"line":36,"column":4},"end":{"line":36,"column":34}},{"start":{"line":36,"column":4},"end":{"line":36,"column":34}}],"line":36}},"s":{"0":9,"1":9,"2":23,"3":23,"4":23,"5":8,"6":8,"7":8,"8":20,"9":8,"10":8,"11":4,"12":4,"13":4,"14":4,"15":5,"16":4,"17":4,"18":1,"19":3,"20":3,"21":2,"22":1,"23":1,"24":24,"25":24},"f":{"0":9,"1":23,"2":8,"3":8,"4":4,"5":24},"b":{"0":[4,4],"1":[8,5],"2":[1,3],"3":[2,1]},"_coverageSchema":"1a1c01bbd47fc00a2c39e90264f33305004495a9","hash":"7baa8fb9991d7cf26e180f6017d522e524ab28eb"}
,"C:\\Users\\gunars\\Documents\\snake\\js\\game.js": {"path":"C:\\Users\\gunars\\Documents\\snake\\js\\game.js","statementMap":{"0":{"start":{"line":10,"column":11},"end":{"line":12,"column":1}},"1":{"start":{"line":13,"column":18},"end":{"line":13,"column":20}},"2":{"start":{"line":14,"column":17},"end":{"line":14,"column":29}},"3":{"start":{"line":14,"column":25},"end":{"line":14,"column":29}},"4":{"start":{"line":18,"column":4},"end":{"line":18,"column":28}},"5":{"start":{"line":19,"column":4},"end":{"line":19,"column":28}},"6":{"start":{"line":20,"column":4},"end":{"line":20,"column":24}},"7":{"start":{"line":21,"column":4},"end":{"line":25,"column":6}},"8":{"start":{"line":27,"column":4},"end":{"line":27,"column":15}},"9":{"start":{"line":34,"column":4},"end":{"line":34,"column":63}},"10":{"start":{"line":35,"column":4},"end":{"line":35,"column":24}},"11":{"start":{"line":36,"column":4},"end":{"line":36,"column":20}},"12":{"start":{"line":38,"column":4},"end":{"line":38,"column":46}},"13":{"start":{"line":39,"column":4},"end":{"line":39,"column":27}},"14":{"start":{"line":41,"column":4},"end":{"line":48,"column":6}},"15":{"start":{"line":50,"column":4},"end":{"line":50,"column":22}},"16":{"start":{"line":58,"column":4},"end":{"line":58,"column":47}},"17":{"start":{"line":59,"column":4},"end":{"line":59,"column":16}},"18":{"start":{"line":62,"column":4},"end":{"line":62,"column":23}},"19":{"start":{"line":65,"column":4},"end":{"line":71,"column":6}},"20":{"start":{"line":66,"column":6},"end":{"line":69,"column":7}},"21":{"start":{"line":70,"column":6},"end":{"line":70,"column":78}},"22":{"start":{"line":73,"column":29},"end":{"line":88,"column":5}},"23":{"start":{"line":77,"column":8},"end":{"line":86,"column":10}},"24":{"start":{"line":78,"column":27},"end":{"line":78,"column":48}},"25":{"start":{"line":79,"column":10},"end":{"line":79,"column":61}},"26":{"start":{"line":80,"column":10},"end":{"line":85,"column":11}},"27":{"start":{"line":89,"column":4},"end":{"line":89,"column":35}},"28":{"start":{"line":90,"column":4},"end":{"line":90,"column":56}},"29":{"start":{"line":92,"column":31},"end":{"line":101,"column":5}},"30":{"start":{"line":96,"column":8},"end":{"line":96,"column":53}},"31":{"start":{"line":97,"column":8},"end":{"line":99,"column":9}},"32":{"start":{"line":97,"column":21},"end":{"line":97,"column":22}},"33":{"start":{"line":98,"column":10},"end":{"line":98,"column":72}},"34":{"start":{"line":102,"column":4},"end":{"line":102,"column":37}},"35":{"start":{"line":103,"column":4},"end":{"line":103,"column":58}},"36":{"start":{"line":105,"column":30},"end":{"line":114,"column":5}},"37":{"start":{"line":109,"column":8},"end":{"line":109,"column":52}},"38":{"start":{"line":110,"column":8},"end":{"line":112,"column":9}},"39":{"start":{"line":110,"column":21},"end":{"line":110,"column":22}},"40":{"start":{"line":111,"column":10},"end":{"line":111,"column":50}},"41":{"start":{"line":115,"column":4},"end":{"line":115,"column":36}},"42":{"start":{"line":116,"column":4},"end":{"line":116,"column":57}},"43":{"start":{"line":120,"column":4},"end":{"line":120,"column":23}},"44":{"start":{"line":123,"column":4},"end":{"line":138,"column":6}},"45":{"start":{"line":124,"column":19},"end":{"line":124,"column":38}},"46":{"start":{"line":125,"column":6},"end":{"line":132,"column":7}},"47":{"start":{"line":127,"column":10},"end":{"line":127,"column":31}},"48":{"start":{"line":128,"column":10},"end":{"line":128,"column":16}},"49":{"start":{"line":130,"column":10},"end":{"line":130,"column":31}},"50":{"start":{"line":131,"column":10},"end":{"line":131,"column":16}},"51":{"start":{"line":133,"column":19},"end":{"line":133,"column":40}},"52":{"start":{"line":134,"column":6},"end":{"line":134,"column":62}},"53":{"start":{"line":135,"column":6},"end":{"line":135,"column":62}},"54":{"start":{"line":137,"column":6},"end":{"line":137,"column":35}},"55":{"start":{"line":141,"column":4},"end":{"line":141,"column":56}},"56":{"start":{"line":144,"column":4},"end":{"line":148,"column":6}},"57":{"start":{"line":145,"column":6},"end":{"line":147,"column":7}},"58":{"start":{"line":146,"column":8},"end":{"line":146,"column":20}},"59":{"start":{"line":151,"column":4},"end":{"line":158,"column":6}},"60":{"start":{"line":152,"column":6},"end":{"line":157,"column":7}},"61":{"start":{"line":152,"column":19},"end":{"line":152,"column":20}},"62":{"start":{"line":153,"column":8},"end":{"line":156,"column":9}},"63":{"start":{"line":154,"column":10},"end":{"line":154,"column":22}},"64":{"start":{"line":155,"column":10},"end":{"line":155,"column":15}},"65":{"start":{"line":161,"column":4},"end":{"line":172,"column":6}},"66":{"start":{"line":162,"column":6},"end":{"line":171,"column":7}},"67":{"start":{"line":162,"column":19},"end":{"line":162,"column":20}},"68":{"start":{"line":163,"column":8},"end":{"line":170,"column":9}},"69":{"start":{"line":164,"column":10},"end":{"line":166,"column":11}},"70":{"start":{"line":167,"column":10},"end":{"line":167,"column":49}},"71":{"start":{"line":168,"column":10},"end":{"line":168,"column":42}},"72":{"start":{"line":169,"column":10},"end":{"line":169,"column":15}},"73":{"start":{"line":176,"column":20},"end":{"line":176,"column":41}},"74":{"start":{"line":177,"column":4},"end":{"line":184,"column":6}},"75":{"start":{"line":178,"column":6},"end":{"line":183,"column":7}},"76":{"start":{"line":179,"column":23},"end":{"line":179,"column":51}},"77":{"start":{"line":180,"column":8},"end":{"line":180,"column":46}},"78":{"start":{"line":180,"column":40},"end":{"line":180,"column":46}},"79":{"start":{"line":181,"column":8},"end":{"line":181,"column":25}},"80":{"start":{"line":182,"column":8},"end":{"line":182,"column":40}},"81":{"start":{"line":188,"column":4},"end":{"line":188,"column":53}},"82":{"start":{"line":189,"column":4},"end":{"line":189,"column":36}},"83":{"start":{"line":193,"column":4},"end":{"line":193,"column":36}},"84":{"start":{"line":198,"column":22},"end":{"line":198,"column":39}},"85":{"start":{"line":199,"column":17},"end":{"line":209,"column":5}},"86":{"start":{"line":200,"column":6},"end":{"line":200,"column":40}},"87":{"start":{"line":202,"column":18},"end":{"line":202,"column":35}},"88":{"start":{"line":203,"column":6},"end":{"line":206,"column":7}},"89":{"start":{"line":204,"column":8},"end":{"line":204,"column":21}},"90":{"start":{"line":205,"column":8},"end":{"line":205,"column":25}},"91":{"start":{"line":208,"column":6},"end":{"line":208,"column":19}},"92":{"start":{"line":210,"column":4},"end":{"line":210,"column":10}},"93":{"start":{"line":214,"column":13},"end":{"line":214,"column":23}},"94":{"start":{"line":217,"column":0},"end":{"line":260,"column":18}},"95":{"start":{"line":218,"column":2},"end":{"line":221,"column":3}},"96":{"start":{"line":222,"column":2},"end":{"line":222,"column":15}},"97":{"start":{"line":224,"column":2},"end":{"line":259,"column":4}},"98":{"start":{"line":225,"column":15},"end":{"line":225,"column":44}},"99":{"start":{"line":226,"column":4},"end":{"line":226,"column":26}},"100":{"start":{"line":227,"column":4},"end":{"line":227,"column":33}},"101":{"start":{"line":228,"column":4},"end":{"line":228,"column":33}},"102":{"start":{"line":230,"column":6},"end":{"line":230,"column":58}},"103":{"start":{"line":231,"column":6},"end":{"line":231,"column":15}},"104":{"start":{"line":233,"column":6},"end":{"line":233,"column":16}},"105":{"start":{"line":235,"column":4},"end":{"line":235,"column":68}},"106":{"start":{"line":237,"column":4},"end":{"line":237,"column":71}},"107":{"start":{"line":239,"column":5},"end":{"line":247,"column":8}},"108":{"start":{"line":241,"column":19},"end":{"line":241,"column":52}},"109":{"start":{"line":242,"column":8},"end":{"line":242,"column":18}},"110":{"start":{"line":243,"column":8},"end":{"line":243,"column":17}},"111":{"start":{"line":246,"column":8},"end":{"line":246,"column":37}},"112":{"start":{"line":249,"column":15},"end":{"line":249,"column":44}},"113":{"start":{"line":250,"column":4},"end":{"line":250,"column":26}},"114":{"start":{"line":251,"column":4},"end":{"line":251,"column":57}},"115":{"start":{"line":252,"column":4},"end":{"line":252,"column":33}},"116":{"start":{"line":254,"column":6},"end":{"line":254,"column":58}},"117":{"start":{"line":256,"column":4},"end":{"line":256,"column":68}},"118":{"start":{"line":258,"column":4},"end":{"line":258,"column":71}},"119":{"start":{"line":263,"column":0},"end":{"line":276,"column":2}},"120":{"start":{"line":264,"column":2},"end":{"line":275,"column":3}},"121":{"start":{"line":266,"column":6},"end":{"line":266,"column":31}},"122":{"start":{"line":267,"column":6},"end":{"line":267,"column":32}},"123":{"start":{"line":268,"column":6},"end":{"line":268,"column":26}},"124":{"start":{"line":269,"column":6},"end":{"line":269,"column":11}},"125":{"start":{"line":271,"column":6},"end":{"line":271,"column":31}},"126":{"start":{"line":272,"column":6},"end":{"line":272,"column":32}},"127":{"start":{"line":273,"column":6},"end":{"line":273,"column":25}},"128":{"start":{"line":274,"column":6},"end":{"line":274,"column":11}},"129":{"start":{"line":278,"column":0},"end":{"line":298,"column":2}},"130":{"start":{"line":279,"column":2},"end":{"line":290,"column":3}},"131":{"start":{"line":281,"column":6},"end":{"line":281,"column":31}},"132":{"start":{"line":282,"column":6},"end":{"line":282,"column":32}},"133":{"start":{"line":283,"column":6},"end":{"line":283,"column":26}},"134":{"start":{"line":284,"column":6},"end":{"line":284,"column":11}},"135":{"start":{"line":286,"column":6},"end":{"line":286,"column":31}},"136":{"start":{"line":287,"column":6},"end":{"line":287,"column":32}},"137":{"start":{"line":288,"column":6},"end":{"line":288,"column":25}},"138":{"start":{"line":289,"column":6},"end":{"line":289,"column":11}},"139":{"start":{"line":292,"column":2},"end":{"line":297,"column":3}},"140":{"start":{"line":293,"column":4},"end":{"line":293,"column":37}},"141":{"start":{"line":294,"column":4},"end":{"line":296,"column":11}},"142":{"start":{"line":295,"column":6},"end":{"line":295,"column":42}},"143":{"start":{"line":299,"column":0},"end":{"line":306,"column":1}},"144":{"start":{"line":300,"column":2},"end":{"line":303,"column":3}},"145":{"start":{"line":304,"column":2},"end":{"line":304,"column":15}},"146":{"start":{"line":306,"column":1},"end":{"line":314,"column":73}},"147":{"start":{"line":314,"column":16},"end":{"line":314,"column":72}},"148":{"start":{"line":314,"column":53},"end":{"line":314,"column":71}}},"fnMap":{"0":{"name":"(anonymous_0)","decl":{"start":{"line":14,"column":17},"end":{"line":14,"column":18}},"loc":{"start":{"line":14,"column":25},"end":{"line":14,"column":29}},"line":14},"1":{"name":"(anonymous_1)","decl":{"start":{"line":17,"column":2},"end":{"line":17,"column":3}},"loc":{"start":{"line":17,"column":16},"end":{"line":28,"column":3}},"line":17},"2":{"name":"(anonymous_2)","decl":{"start":{"line":33,"column":2},"end":{"line":33,"column":3}},"loc":{"start":{"line":33,"column":10},"end":{"line":51,"column":3}},"line":33},"3":{"name":"(anonymous_3)","decl":{"start":{"line":57,"column":2},"end":{"line":57,"column":3}},"loc":{"start":{"line":57,"column":9},"end":{"line":185,"column":3}},"line":57},"4":{"name":"(anonymous_4)","decl":{"start":{"line":65,"column":24},"end":{"line":65,"column":25}},"loc":{"start":{"line":65,"column":30},"end":{"line":71,"column":5}},"line":65},"5":{"name":"(anonymous_5)","decl":{"start":{"line":76,"column":6},"end":{"line":76,"column":7}},"loc":{"start":{"line":76,"column":15},"end":{"line":87,"column":7}},"line":76},"6":{"name":"(anonymous_6)","decl":{"start":{"line":77,"column":30},"end":{"line":77,"column":31}},"loc":{"start":{"line":77,"column":47},"end":{"line":86,"column":9}},"line":77},"7":{"name":"(anonymous_7)","decl":{"start":{"line":95,"column":6},"end":{"line":95,"column":7}},"loc":{"start":{"line":95,"column":15},"end":{"line":100,"column":7}},"line":95},"8":{"name":"(anonymous_8)","decl":{"start":{"line":108,"column":6},"end":{"line":108,"column":7}},"loc":{"start":{"line":108,"column":15},"end":{"line":113,"column":7}},"line":108},"9":{"name":"(anonymous_9)","decl":{"start":{"line":123,"column":24},"end":{"line":123,"column":25}},"loc":{"start":{"line":123,"column":30},"end":{"line":138,"column":5}},"line":123},"10":{"name":"(anonymous_10)","decl":{"start":{"line":144,"column":24},"end":{"line":144,"column":25}},"loc":{"start":{"line":144,"column":30},"end":{"line":148,"column":5}},"line":144},"11":{"name":"(anonymous_11)","decl":{"start":{"line":151,"column":24},"end":{"line":151,"column":25}},"loc":{"start":{"line":151,"column":30},"end":{"line":158,"column":5}},"line":151},"12":{"name":"(anonymous_12)","decl":{"start":{"line":161,"column":24},"end":{"line":161,"column":25}},"loc":{"start":{"line":161,"column":30},"end":{"line":172,"column":5}},"line":161},"13":{"name":"(anonymous_13)","decl":{"start":{"line":177,"column":24},"end":{"line":177,"column":25}},"loc":{"start":{"line":177,"column":30},"end":{"line":184,"column":5}},"line":177},"14":{"name":"(anonymous_14)","decl":{"start":{"line":187,"column":2},"end":{"line":187,"column":3}},"loc":{"start":{"line":187,"column":11},"end":{"line":190,"column":3}},"line":187},"15":{"name":"(anonymous_15)","decl":{"start":{"line":192,"column":2},"end":{"line":192,"column":3}},"loc":{"start":{"line":192,"column":11},"end":{"line":194,"column":3}},"line":192},"16":{"name":"(anonymous_16)","decl":{"start":{"line":196,"column":2},"end":{"line":196,"column":3}},"loc":{"start":{"line":196,"column":8},"end":{"line":211,"column":3}},"line":196},"17":{"name":"(anonymous_17)","decl":{"start":{"line":199,"column":17},"end":{"line":199,"column":18}},"loc":{"start":{"line":199,"column":23},"end":{"line":209,"column":5}},"line":199},"18":{"name":"(anonymous_18)","decl":{"start":{"line":217,"column":32},"end":{"line":217,"column":33}},"loc":{"start":{"line":217,"column":38},"end":{"line":260,"column":1}},"line":217},"19":{"name":"(anonymous_19)","decl":{"start":{"line":224,"column":14},"end":{"line":224,"column":15}},"loc":{"start":{"line":224,"column":27},"end":{"line":238,"column":3}},"line":224},"20":{"name":"eventhandler","decl":{"start":{"line":229,"column":13},"end":{"line":229,"column":25}},"loc":{"start":{"line":229,"column":28},"end":{"line":234,"column":5}},"line":229},"21":{"name":"(anonymous_21)","decl":{"start":{"line":238,"column":10},"end":{"line":238,"column":11}},"loc":{"start":{"line":238,"column":16},"end":{"line":259,"column":3}},"line":238},"22":{"name":"(anonymous_22)","decl":{"start":{"line":240,"column":11},"end":{"line":240,"column":12}},"loc":{"start":{"line":240,"column":19},"end":{"line":244,"column":7}},"line":240},"23":{"name":"(anonymous_23)","decl":{"start":{"line":245,"column":15},"end":{"line":245,"column":16}},"loc":{"start":{"line":245,"column":23},"end":{"line":247,"column":7}},"line":245},"24":{"name":"eventhandler","decl":{"start":{"line":253,"column":13},"end":{"line":253,"column":25}},"loc":{"start":{"line":253,"column":28},"end":{"line":255,"column":5}},"line":253},"25":{"name":"(anonymous_25)","decl":{"start":{"line":263,"column":35},"end":{"line":263,"column":36}},"loc":{"start":{"line":263,"column":42},"end":{"line":276,"column":1}},"line":263},"26":{"name":"(anonymous_26)","decl":{"start":{"line":278,"column":38},"end":{"line":278,"column":39}},"loc":{"start":{"line":278,"column":45},"end":{"line":298,"column":1}},"line":278},"27":{"name":"(anonymous_27)","decl":{"start":{"line":294,"column":15},"end":{"line":294,"column":16}},"loc":{"start":{"line":294,"column":21},"end":{"line":296,"column":5}},"line":294},"28":{"name":"(anonymous_28)","decl":{"start":{"line":299,"column":34},"end":{"line":299,"column":35}},"loc":{"start":{"line":299,"column":40},"end":{"line":305,"column":1}},"line":299},"29":{"name":"(anonymous_29)","decl":{"start":{"line":314,"column":6},"end":{"line":314,"column":7}},"loc":{"start":{"line":314,"column":16},"end":{"line":314,"column":72}},"line":314},"30":{"name":"(anonymous_30)","decl":{"start":{"line":314,"column":46},"end":{"line":314,"column":47}},"loc":{"start":{"line":314,"column":53},"end":{"line":314,"column":71}},"line":314}},"branchMap":{"0":{"loc":{"start":{"line":24,"column":13},"end":{"line":24,"column":67}},"type":"cond-expr","locations":[{"start":{"line":24,"column":60},"end":{"line":24,"column":62}},{"start":{"line":24,"column":65},"end":{"line":24,"column":67}}],"line":24},"1":{"loc":{"start":{"line":125,"column":6},"end":{"line":132,"column":7}},"type":"switch","locations":[{"start":{"line":126,"column":8},"end":{"line":128,"column":16}},{"start":{"line":129,"column":8},"end":{"line":131,"column":16}}],"line":125},"2":{"loc":{"start":{"line":145,"column":6},"end":{"line":147,"column":7}},"type":"if","locations":[{"start":{"line":145,"column":6},"end":{"line":147,"column":7}},{"start":{"line":145,"column":6},"end":{"line":147,"column":7}}],"line":145},"3":{"loc":{"start":{"line":153,"column":8},"end":{"line":156,"column":9}},"type":"if","locations":[{"start":{"line":153,"column":8},"end":{"line":156,"column":9}},{"start":{"line":153,"column":8},"end":{"line":156,"column":9}}],"line":153},"4":{"loc":{"start":{"line":153,"column":12},"end":{"line":153,"column":106}},"type":"binary-expr","locations":[{"start":{"line":153,"column":12},"end":{"line":153,"column":57}},{"start":{"line":153,"column":61},"end":{"line":153,"column":106}}],"line":153},"5":{"loc":{"start":{"line":163,"column":8},"end":{"line":170,"column":9}},"type":"if","locations":[{"start":{"line":163,"column":8},"end":{"line":170,"column":9}},{"start":{"line":163,"column":8},"end":{"line":170,"column":9}}],"line":163},"6":{"loc":{"start":{"line":163,"column":12},"end":{"line":163,"column":109}},"type":"binary-expr","locations":[{"start":{"line":163,"column":12},"end":{"line":163,"column":33}},{"start":{"line":163,"column":37},"end":{"line":163,"column":71}},{"start":{"line":163,"column":75},"end":{"line":163,"column":109}}],"line":163},"7":{"loc":{"start":{"line":178,"column":6},"end":{"line":183,"column":7}},"type":"if","locations":[{"start":{"line":178,"column":6},"end":{"line":183,"column":7}},{"start":{"line":178,"column":6},"end":{"line":183,"column":7}}],"line":178},"8":{"loc":{"start":{"line":180,"column":8},"end":{"line":180,"column":46}},"type":"if","locations":[{"start":{"line":180,"column":8},"end":{"line":180,"column":46}},{"start":{"line":180,"column":8},"end":{"line":180,"column":46}}],"line":180},"9":{"loc":{"start":{"line":203,"column":6},"end":{"line":206,"column":7}},"type":"if","locations":[{"start":{"line":203,"column":6},"end":{"line":206,"column":7}},{"start":{"line":203,"column":6},"end":{"line":206,"column":7}}],"line":203},"10":{"loc":{"start":{"line":230,"column":6},"end":{"line":230,"column":58}},"type":"binary-expr","locations":[{"start":{"line":230,"column":6},"end":{"line":230,"column":22}},{"start":{"line":230,"column":26},"end":{"line":230,"column":58}}],"line":230},"11":{"loc":{"start":{"line":254,"column":6},"end":{"line":254,"column":58}},"type":"binary-expr","locations":[{"start":{"line":254,"column":6},"end":{"line":254,"column":22}},{"start":{"line":254,"column":26},"end":{"line":254,"column":58}}],"line":254},"12":{"loc":{"start":{"line":264,"column":2},"end":{"line":275,"column":3}},"type":"switch","locations":[{"start":{"line":265,"column":4},"end":{"line":269,"column":11}},{"start":{"line":270,"column":4},"end":{"line":274,"column":11}}],"line":264},"13":{"loc":{"start":{"line":279,"column":2},"end":{"line":290,"column":3}},"type":"switch","locations":[{"start":{"line":280,"column":4},"end":{"line":284,"column":11}},{"start":{"line":285,"column":4},"end":{"line":289,"column":11}}],"line":279},"14":{"loc":{"start":{"line":292,"column":2},"end":{"line":297,"column":3}},"type":"if","locations":[{"start":{"line":292,"column":2},"end":{"line":297,"column":3}},{"start":{"line":292,"column":2},"end":{"line":297,"column":3}}],"line":292}},"s":{"0":0,"1":0,"2":0,"3":0,"4":0,"5":0,"6":0,"7":0,"8":0,"9":0,"10":0,"11":0,"12":0,"13":0,"14":0,"15":0,"16":0,"17":0,"18":0,"19":0,"20":0,"21":0,"22":0,"23":0,"24":0,"25":0,"26":0,"27":0,"28":0,"29":0,"30":0,"31":0,"32":0,"33":0,"34":0,"35":0,"36":0,"37":0,"38":0,"39":0,"40":0,"41":0,"42":0,"43":0,"44":0,"45":0,"46":0,"47":0,"48":0,"49":0,"50":0,"51":0,"52":0,"53":0,"54":0,"55":0,"56":0,"57":0,"58":0,"59":0,"60":0,"61":0,"62":0,"63":0,"64":0,"65":0,"66":0,"67":0,"68":0,"69":0,"70":0,"71":0,"72":0,"73":0,"74":0,"75":0,"76":0,"77":0,"78":0,"79":0,"80":0,"81":0,"82":0,"83":0,"84":0,"85":0,"86":0,"87":0,"88":0,"89":0,"90":0,"91":0,"92":0,"93":0,"94":0,"95":0,"96":0,"97":0,"98":0,"99":0,"100":0,"101":0,"102":0,"103":0,"104":0,"105":0,"106":0,"107":0,"108":0,"109":0,"110":0,"111":0,"112":0,"113":0,"114":0,"115":0,"116":0,"117":0,"118":0,"119":0,"120":0,"121":0,"122":0,"123":0,"124":0,"125":0,"126":0,"127":0,"128":0,"129":0,"130":0,"131":0,"132":0,"133":0,"134":0,"135":0,"136":0,"137":0,"138":0,"139":0,"140":0,"141":0,"142":0,"143":0,"144":0,"145":0,"146":0,"147":0,"148":0},"f":{"0":0,"1":0,"2":0,"3":0,"4":0,"5":0,"6":0,"7":0,"8":0,"9":0,"10":0,"11":0,"12":0,"13":0,"14":0,"15":0,"16":0,"17":0,"18":0,"19":0,"20":0,"21":0,"22":0,"23":0,"24":0,"25":0,"26":0,"27":0,"28":0,"29":0,"30":0},"b":{"0":[0,0],"1":[0,0],"2":[0,0],"3":[0,0],"4":[0,0],"5":[0,0],"6":[0,0,0],"7":[0,0],"8":[0,0],"9":[0,0],"10":[0,0],"11":[0,0],"12":[0,0],"13":[0,0],"14":[0,0]}}
,"C:\\Users\\gunars\\Documents\\snake\\js\\index.js": {"path":"C:\\Users\\gunars\\Documents\\snake\\js\\index.js","statementMap":{},"fnMap":{},"branchMap":{},"s":{},"f":{},"b":{}}
,"C:\\Users\\gunars\\Documents\\snake\\js\\map.js": {"path":"C:\\Users\\gunars\\Documents\\snake\\js\\map.js","statementMap":{"0":{"start":{"line":3,"column":4},"end":{"line":3,"column":22}},"1":{"start":{"line":4,"column":4},"end":{"line":4,"column":24}},"2":{"start":{"line":5,"column":4},"end":{"line":10,"column":14}},"3":{"start":{"line":5,"column":73},"end":{"line":10,"column":13}},"4":{"start":{"line":11,"column":4},"end":{"line":14,"column":5}}},"fnMap":{"0":{"name":"(anonymous_0)","decl":{"start":{"line":2,"column":2},"end":{"line":2,"column":3}},"loc":{"start":{"line":2,"column":39},"end":{"line":15,"column":3}},"line":2},"1":{"name":"(anonymous_1)","decl":{"start":{"line":5,"column":59},"end":{"line":5,"column":60}},"loc":{"start":{"line":5,"column":73},"end":{"line":10,"column":13}},"line":5}},"branchMap":{"0":{"loc":{"start":{"line":2,"column":14},"end":{"line":2,"column":24}},"type":"default-arg","locations":[{"start":{"line":2,"column":22},"end":{"line":2,"column":24}}],"line":2},"1":{"loc":{"start":{"line":2,"column":26},"end":{"line":2,"column":37}},"type":"default-arg","locations":[{"start":{"line":2,"column":35},"end":{"line":2,"column":37}}],"line":2},"2":{"loc":{"start":{"line":5,"column":73},"end":{"line":10,"column":13}},"type":"cond-expr","locations":[{"start":{"line":10,"column":8},"end":{"line":10,"column":9}},{"start":{"line":10,"column":12},"end":{"line":10,"column":13}}],"line":5},"3":{"loc":{"start":{"line":6,"column":6},"end":{"line":9,"column":38}},"type":"binary-expr","locations":[{"start":{"line":6,"column":6},"end":{"line":6,"column":25}},{"start":{"line":7,"column":6},"end":{"line":7,"column":33}},{"start":{"line":8,"column":6},"end":{"line":8,"column":29}},{"start":{"line":9,"column":6},"end":{"line":9,"column":38}}],"line":6}},"s":{"0":0,"1":0,"2":0,"3":0,"4":0},"f":{"0":0,"1":0},"b":{"0":[0],"1":[0],"2":[0,0],"3":[0,0,0,0]}}
,"C:\\Users\\gunars\\Documents\\snake\\js\\palette.js": {"path":"C:\\Users\\gunars\\Documents\\snake\\js\\palette.js","statementMap":{"0":{"start":{"line":1,"column":17},"end":{"line":30,"column":1}}},"fnMap":{},"branchMap":{},"s":{"0":0},"f":{},"b":{}}
,"C:\\Users\\gunars\\Documents\\snake\\js\\score.js": {"path":"C:\\Users\\gunars\\Documents\\snake\\js\\score.js","statementMap":{"0":{"start":{"line":3,"column":4},"end":{"line":3,"column":44}},"1":{"start":{"line":4,"column":4},"end":{"line":4,"column":43}},"2":{"start":{"line":5,"column":4},"end":{"line":5,"column":38}},"3":{"start":{"line":7,"column":4},"end":{"line":7,"column":16}},"4":{"start":{"line":15,"column":4},"end":{"line":15,"column":22}},"5":{"start":{"line":16,"column":4},"end":{"line":16,"column":34}},"6":{"start":{"line":20,"column":4},"end":{"line":20,"column":18}}},"fnMap":{"0":{"name":"(anonymous_0)","decl":{"start":{"line":2,"column":2},"end":{"line":2,"column":3}},"loc":{"start":{"line":2,"column":16},"end":{"line":8,"column":3}},"line":2},"1":{"name":"(anonymous_1)","decl":{"start":{"line":14,"column":2},"end":{"line":14,"column":3}},"loc":{"start":{"line":14,"column":16},"end":{"line":17,"column":3}},"line":14},"2":{"name":"(anonymous_2)","decl":{"start":{"line":19,"column":2},"end":{"line":19,"column":3}},"loc":{"start":{"line":19,"column":10},"end":{"line":21,"column":3}},"line":19}},"branchMap":{},"s":{"0":0,"1":0,"2":0,"3":0,"4":0,"5":0,"6":0},"f":{"0":0,"1":0,"2":0},"b":{}}
,"C:\\Users\\gunars\\Documents\\snake\\js\\snake.js": {"path":"C:\\Users\\gunars\\Documents\\snake\\js\\snake.js","statementMap":{"0":{"start":{"line":12,"column":4},"end":{"line":12,"column":18}},"1":{"start":{"line":35,"column":8},"end":{"line":35,"column":15}},"2":{"start":{"line":38,"column":4},"end":{"line":42,"column":9}},"3":{"start":{"line":39,"column":26},"end":{"line":42,"column":7}}},"fnMap":{"0":{"name":"(anonymous_0)","decl":{"start":{"line":10,"column":2},"end":{"line":10,"column":3}},"loc":{"start":{"line":10,"column":16},"end":{"line":13,"column":3}},"line":10},"1":{"name":"(anonymous_1)","decl":{"start":{"line":27,"column":2},"end":{"line":27,"column":3}},"loc":{"start":{"line":27,"column":27},"end":{"line":43,"column":3}},"line":27},"2":{"name":"(anonymous_2)","decl":{"start":{"line":39,"column":11},"end":{"line":39,"column":12}},"loc":{"start":{"line":39,"column":26},"end":{"line":42,"column":7}},"line":39}},"branchMap":{"0":{"loc":{"start":{"line":30,"column":6},"end":{"line":30,"column":19}},"type":"default-arg","locations":[{"start":{"line":30,"column":18},"end":{"line":30,"column":19}}],"line":30},"1":{"loc":{"start":{"line":31,"column":6},"end":{"line":34,"column":7}},"type":"default-arg","locations":[{"start":{"line":31,"column":13},"end":{"line":34,"column":7}}],"line":31}},"s":{"0":0,"1":0,"2":0,"3":0},"f":{"0":0,"1":0,"2":0},"b":{"0":[0],"1":[0]}}
,"C:\\Users\\gunars\\Documents\\snake\\js\\utils.js": {"path":"C:\\Users\\gunars\\Documents\\snake\\js\\utils.js","statementMap":{"0":{"start":{"line":13,"column":2},"end":{"line":13,"column":32}},"1":{"start":{"line":22,"column":2},"end":{"line":22,"column":56}},"2":{"start":{"line":26,"column":18},"end":{"line":37,"column":8}},"3":{"start":{"line":28,"column":18},"end":{"line":28,"column":35}},"4":{"start":{"line":29,"column":4},"end":{"line":32,"column":5}},"5":{"start":{"line":35,"column":4},"end":{"line":35,"column":18}},"6":{"start":{"line":36,"column":4},"end":{"line":36,"column":12}},"7":{"start":{"line":45,"column":2},"end":{"line":45,"column":33}},"8":{"start":{"line":48,"column":18},"end":{"line":59,"column":8}},"9":{"start":{"line":50,"column":18},"end":{"line":50,"column":35}},"10":{"start":{"line":51,"column":4},"end":{"line":54,"column":5}},"11":{"start":{"line":57,"column":4},"end":{"line":57,"column":18}},"12":{"start":{"line":58,"column":4},"end":{"line":58,"column":12}},"13":{"start":{"line":67,"column":2},"end":{"line":67,"column":33}},"14":{"start":{"line":72,"column":15},"end":{"line":72,"column":30}},"15":{"start":{"line":73,"column":4},"end":{"line":73,"column":74}},"16":{"start":{"line":73,"column":34},"end":{"line":73,"column":73}},"17":{"start":{"line":75,"column":4},"end":{"line":79,"column":44}},"18":{"start":{"line":75,"column":39},"end":{"line":79,"column":5}},"19":{"start":{"line":79,"column":26},"end":{"line":79,"column":43}},"20":{"start":{"line":82,"column":2},"end":{"line":90,"column":3}},"21":{"start":{"line":87,"column":25},"end":{"line":87,"column":45}},"22":{"start":{"line":88,"column":6},"end":{"line":88,"column":64}}},"fnMap":{"0":{"name":"deg2rad","decl":{"start":{"line":12,"column":16},"end":{"line":12,"column":23}},"loc":{"start":{"line":12,"column":37},"end":{"line":14,"column":1}},"line":12},"1":{"name":"diagonal","decl":{"start":{"line":21,"column":16},"end":{"line":21,"column":24}},"loc":{"start":{"line":21,"column":48},"end":{"line":23,"column":1}},"line":21},"2":{"name":"(anonymous_2)","decl":{"start":{"line":27,"column":7},"end":{"line":27,"column":8}},"loc":{"start":{"line":27,"column":21},"end":{"line":33,"column":3}},"line":27},"3":{"name":"(anonymous_3)","decl":{"start":{"line":34,"column":10},"end":{"line":34,"column":11}},"loc":{"start":{"line":34,"column":31},"end":{"line":37,"column":3}},"line":34},"4":{"name":"sin","decl":{"start":{"line":44,"column":16},"end":{"line":44,"column":19}},"loc":{"start":{"line":44,"column":27},"end":{"line":46,"column":1}},"line":44},"5":{"name":"(anonymous_5)","decl":{"start":{"line":49,"column":7},"end":{"line":49,"column":8}},"loc":{"start":{"line":49,"column":21},"end":{"line":55,"column":3}},"line":49},"6":{"name":"(anonymous_6)","decl":{"start":{"line":56,"column":10},"end":{"line":56,"column":11}},"loc":{"start":{"line":56,"column":31},"end":{"line":59,"column":3}},"line":56},"7":{"name":"cos","decl":{"start":{"line":66,"column":16},"end":{"line":66,"column":19}},"loc":{"start":{"line":66,"column":27},"end":{"line":68,"column":1}},"line":66},"8":{"name":"foodLocator","decl":{"start":{"line":70,"column":16},"end":{"line":70,"column":27}},"loc":{"start":{"line":70,"column":33},"end":{"line":91,"column":1}},"line":70},"9":{"name":"getUnoccupied","decl":{"start":{"line":71,"column":11},"end":{"line":71,"column":24}},"loc":{"start":{"line":71,"column":32},"end":{"line":80,"column":3}},"line":71},"10":{"name":"(anonymous_10)","decl":{"start":{"line":73,"column":23},"end":{"line":73,"column":24}},"loc":{"start":{"line":73,"column":34},"end":{"line":73,"column":73}},"line":73},"11":{"name":"(anonymous_11)","decl":{"start":{"line":75,"column":20},"end":{"line":75,"column":21}},"loc":{"start":{"line":75,"column":39},"end":{"line":79,"column":5}},"line":75},"12":{"name":"(anonymous_12)","decl":{"start":{"line":79,"column":15},"end":{"line":79,"column":16}},"loc":{"start":{"line":79,"column":26},"end":{"line":79,"column":43}},"line":79},"13":{"name":"(anonymous_13)","decl":{"start":{"line":86,"column":4},"end":{"line":86,"column":5}},"loc":{"start":{"line":86,"column":20},"end":{"line":89,"column":5}},"line":86}},"branchMap":{"0":{"loc":{"start":{"line":12,"column":24},"end":{"line":12,"column":35}},"type":"default-arg","locations":[{"start":{"line":12,"column":34},"end":{"line":12,"column":35}}],"line":12},"1":{"loc":{"start":{"line":21,"column":25},"end":{"line":21,"column":34}},"type":"default-arg","locations":[{"start":{"line":21,"column":33},"end":{"line":21,"column":34}}],"line":21},"2":{"loc":{"start":{"line":21,"column":36},"end":{"line":21,"column":46}},"type":"default-arg","locations":[{"start":{"line":21,"column":45},"end":{"line":21,"column":46}}],"line":21}},"s":{"0":0,"1":0,"2":0,"3":0,"4":0,"5":0,"6":0,"7":0,"8":0,"9":0,"10":0,"11":0,"12":0,"13":0,"14":0,"15":0,"16":0,"17":0,"18":0,"19":0,"20":0,"21":0,"22":0},"f":{"0":0,"1":0,"2":0,"3":0,"4":0,"5":0,"6":0,"7":0,"8":0,"9":0,"10":0,"11":0,"12":0,"13":0},"b":{"0":[0],"1":[0],"2":[0]}}
,"C:\\Users\\gunars\\Documents\\snake\\js\\viewport.js": {"path":"C:\\Users\\gunars\\Documents\\snake\\js\\viewport.js","statementMap":{"0":{"start":{"line":11,"column":8},"end":{"line":11,"column":15}},"1":{"start":{"line":13,"column":4},"end":{"line":13,"column":14}},"2":{"start":{"line":14,"column":4},"end":{"line":14,"column":14}},"3":{"start":{"line":15,"column":4},"end":{"line":15,"column":22}},"4":{"start":{"line":17,"column":4},"end":{"line":17,"column":46}},"5":{"start":{"line":18,"column":4},"end":{"line":18,"column":43}},"6":{"start":{"line":20,"column":4},"end":{"line":20,"column":19}},"7":{"start":{"line":21,"column":4},"end":{"line":21,"column":18}},"8":{"start":{"line":23,"column":4},"end":{"line":23,"column":30}},"9":{"start":{"line":27,"column":4},"end":{"line":27,"column":22}},"10":{"start":{"line":28,"column":4},"end":{"line":28,"column":24}},"11":{"start":{"line":30,"column":4},"end":{"line":30,"column":25}},"12":{"start":{"line":31,"column":4},"end":{"line":31,"column":27}},"13":{"start":{"line":33,"column":4},"end":{"line":33,"column":43}},"14":{"start":{"line":37,"column":4},"end":{"line":37,"column":14}},"15":{"start":{"line":38,"column":4},"end":{"line":38,"column":14}},"16":{"start":{"line":42,"column":4},"end":{"line":42,"column":33}},"17":{"start":{"line":43,"column":4},"end":{"line":43,"column":33}},"18":{"start":{"line":86,"column":16},"end":{"line":86,"column":28}},"19":{"start":{"line":87,"column":4},"end":{"line":87,"column":37}},"20":{"start":{"line":88,"column":4},"end":{"line":88,"column":14}},"21":{"start":{"line":89,"column":4},"end":{"line":89,"column":25}},"22":{"start":{"line":90,"column":4},"end":{"line":90,"column":47}},"23":{"start":{"line":91,"column":4},"end":{"line":91,"column":17}},"24":{"start":{"line":103,"column":21},"end":{"line":103,"column":25}},"25":{"start":{"line":104,"column":19},"end":{"line":104,"column":51}},"26":{"start":{"line":105,"column":4},"end":{"line":105,"column":24}},"27":{"start":{"line":106,"column":4},"end":{"line":106,"column":26}},"28":{"start":{"line":107,"column":16},"end":{"line":107,"column":39}},"29":{"start":{"line":109,"column":4},"end":{"line":137,"column":5}},"30":{"start":{"line":111,"column":8},"end":{"line":111,"column":18}},"31":{"start":{"line":112,"column":8},"end":{"line":112,"column":56}},"32":{"start":{"line":113,"column":8},"end":{"line":113,"column":49}},"33":{"start":{"line":114,"column":8},"end":{"line":114,"column":33}},"34":{"start":{"line":115,"column":8},"end":{"line":115,"column":21}},"35":{"start":{"line":118,"column":20},"end":{"line":118,"column":36}},"36":{"start":{"line":119,"column":8},"end":{"line":119,"column":18}},"37":{"start":{"line":121,"column":8},"end":{"line":124,"column":9}},"38":{"start":{"line":126,"column":8},"end":{"line":128,"column":9}},"39":{"start":{"line":130,"column":8},"end":{"line":133,"column":9}},"40":{"start":{"line":134,"column":8},"end":{"line":134,"column":64}},"41":{"start":{"line":135,"column":8},"end":{"line":135,"column":21}}},"fnMap":{"0":{"name":"(anonymous_0)","decl":{"start":{"line":4,"column":2},"end":{"line":4,"column":3}},"loc":{"start":{"line":4,"column":23},"end":{"line":24,"column":3}},"line":4},"1":{"name":"(anonymous_1)","decl":{"start":{"line":26,"column":2},"end":{"line":26,"column":3}},"loc":{"start":{"line":26,"column":24},"end":{"line":34,"column":3}},"line":26},"2":{"name":"(anonymous_2)","decl":{"start":{"line":36,"column":2},"end":{"line":36,"column":3}},"loc":{"start":{"line":36,"column":15},"end":{"line":39,"column":3}},"line":36},"3":{"name":"(anonymous_3)","decl":{"start":{"line":41,"column":2},"end":{"line":41,"column":3}},"loc":{"start":{"line":41,"column":17},"end":{"line":44,"column":3}},"line":41},"4":{"name":"(anonymous_4)","decl":{"start":{"line":85,"column":2},"end":{"line":85,"column":3}},"loc":{"start":{"line":85,"column":36},"end":{"line":92,"column":3}},"line":85},"5":{"name":"(anonymous_5)","decl":{"start":{"line":102,"column":2},"end":{"line":102,"column":3}},"loc":{"start":{"line":102,"column":59},"end":{"line":138,"column":3}},"line":102},"6":{"name":"(anonymous_6)","decl":{"start":{"line":110,"column":6},"end":{"line":110,"column":7}},"loc":{"start":{"line":110,"column":21},"end":{"line":116,"column":7}},"line":110},"7":{"name":"(anonymous_7)","decl":{"start":{"line":117,"column":6},"end":{"line":117,"column":7}},"loc":{"start":{"line":117,"column":23},"end":{"line":136,"column":7}},"line":117}},"branchMap":{"0":{"loc":{"start":{"line":8,"column":6},"end":{"line":8,"column":11}},"type":"default-arg","locations":[{"start":{"line":8,"column":10},"end":{"line":8,"column":11}}],"line":8},"1":{"loc":{"start":{"line":9,"column":6},"end":{"line":9,"column":11}},"type":"default-arg","locations":[{"start":{"line":9,"column":10},"end":{"line":9,"column":11}}],"line":9},"2":{"loc":{"start":{"line":10,"column":6},"end":{"line":10,"column":16}},"type":"default-arg","locations":[{"start":{"line":10,"column":14},"end":{"line":10,"column":16}}],"line":10},"3":{"loc":{"start":{"line":85,"column":8},"end":{"line":85,"column":34}},"type":"default-arg","locations":[{"start":{"line":85,"column":16},"end":{"line":85,"column":34}}],"line":85}},"s":{"0":0,"1":0,"2":0,"3":0,"4":0,"5":0,"6":0,"7":0,"8":0,"9":0,"10":0,"11":0,"12":0,"13":0,"14":0,"15":0,"16":0,"17":0,"18":0,"19":0,"20":0,"21":0,"22":0,"23":0,"24":0,"25":0,"26":0,"27":0,"28":0,"29":0,"30":0,"31":0,"32":0,"33":0,"34":0,"35":0,"36":0,"37":0,"38":0,"39":0,"40":0,"41":0},"f":{"0":0,"1":0,"2":0,"3":0,"4":0,"5":0,"6":0,"7":0},"b":{"0":[0],"1":[0],"2":[0],"3":[0]}}
}
