TN:
SF:js\LinkedList.js
FN:2,(anonymous_0)
FN:7,(anonymous_1)
FN:13,(anonymous_2)
FN:22,(anonymous_3)
FN:32,(anonymous_4)
FN:44,(anonymous_5)
FNF:6
FNH:6
FNDA:9,(anonymous_0)
FNDA:23,(anonymous_1)
FNDA:8,(anonymous_2)
FNDA:8,(anonymous_3)
FNDA:4,(anonymous_4)
FNDA:24,(anonymous_5)
DA:3,9
DA:4,9
DA:8,23
DA:9,23
DA:10,23
DA:14,8
DA:15,8
DA:16,8
DA:17,20
DA:19,8
DA:23,8
DA:25,4
DA:26,4
DA:27,5
DA:29,4
DA:33,4
DA:35,3
DA:36,3
DA:38,1
DA:39,1
DA:45,24
DA:46,24
LF:22
LH:22
BRDA:23,0,0,4
BRDA:23,0,1,4
BRDA:23,1,0,8
BRDA:23,1,1,5
BRDA:33,2,0,1
BRDA:33,2,1,3
BRDA:36,3,0,2
BRDA:36,3,1,1
BRF:8
BRH:8
end_of_record
TN:
SF:js\game.js
FN:14,(anonymous_0)
FN:17,(anonymous_1)
FN:33,(anonymous_2)
FN:57,(anonymous_3)
FN:65,(anonymous_4)
FN:76,(anonymous_5)
FN:77,(anonymous_6)
FN:95,(anonymous_7)
FN:108,(anonymous_8)
FN:123,(anonymous_9)
FN:144,(anonymous_10)
FN:151,(anonymous_11)
FN:161,(anonymous_12)
FN:177,(anonymous_13)
FN:187,(anonymous_14)
FN:192,(anonymous_15)
FN:196,(anonymous_16)
FN:199,(anonymous_17)
FN:217,(anonymous_18)
FN:224,(anonymous_19)
FN:229,eventhandler
FN:238,(anonymous_21)
FN:240,(anonymous_22)
FN:245,(anonymous_23)
FN:253,eventhandler
FN:263,(anonymous_25)
FN:278,(anonymous_26)
FN:294,(anonymous_27)
FN:299,(anonymous_28)
FN:314,(anonymous_29)
FN:314,(anonymous_30)
FNF:31
FNH:0
FNDA:0,(anonymous_0)
FNDA:0,(anonymous_1)
FNDA:0,(anonymous_2)
FNDA:0,(anonymous_3)
FNDA:0,(anonymous_4)
FNDA:0,(anonymous_5)
FNDA:0,(anonymous_6)
FNDA:0,(anonymous_7)
FNDA:0,(anonymous_8)
FNDA:0,(anonymous_9)
FNDA:0,(anonymous_10)
FNDA:0,(anonymous_11)
FNDA:0,(anonymous_12)
FNDA:0,(anonymous_13)
FNDA:0,(anonymous_14)
FNDA:0,(anonymous_15)
FNDA:0,(anonymous_16)
FNDA:0,(anonymous_17)
FNDA:0,(anonymous_18)
FNDA:0,(anonymous_19)
FNDA:0,eventhandler
FNDA:0,(anonymous_21)
FNDA:0,(anonymous_22)
FNDA:0,(anonymous_23)
FNDA:0,eventhandler
FNDA:0,(anonymous_25)
FNDA:0,(anonymous_26)
FNDA:0,(anonymous_27)
FNDA:0,(anonymous_28)
FNDA:0,(anonymous_29)
FNDA:0,(anonymous_30)
DA:10,0
DA:13,0
DA:14,0
DA:18,0
DA:19,0
DA:20,0
DA:21,0
DA:27,0
DA:34,0
DA:35,0
DA:36,0
DA:38,0
DA:39,0
DA:41,0
DA:50,0
DA:58,0
DA:59,0
DA:62,0
DA:65,0
DA:66,0
DA:70,0
DA:73,0
DA:77,0
DA:78,0
DA:79,0
DA:80,0
DA:89,0
DA:90,0
DA:92,0
DA:96,0
DA:97,0
DA:98,0
DA:102,0
DA:103,0
DA:105,0
DA:109,0
DA:110,0
DA:111,0
DA:115,0
DA:116,0
DA:120,0
DA:123,0
DA:124,0
DA:125,0
DA:127,0
DA:128,0
DA:130,0
DA:131,0
DA:133,0
DA:134,0
DA:135,0
DA:137,0
DA:141,0
DA:144,0
DA:145,0
DA:146,0
DA:151,0
DA:152,0
DA:153,0
DA:154,0
DA:155,0
DA:161,0
DA:162,0
DA:163,0
DA:164,0
DA:167,0
DA:168,0
DA:169,0
DA:176,0
DA:177,0
DA:178,0
DA:179,0
DA:180,0
DA:181,0
DA:182,0
DA:188,0
DA:189,0
DA:193,0
DA:198,0
DA:199,0
DA:200,0
DA:202,0
DA:203,0
DA:204,0
DA:205,0
DA:208,0
DA:210,0
DA:214,0
DA:217,0
DA:218,0
DA:222,0
DA:224,0
DA:225,0
DA:226,0
DA:227,0
DA:228,0
DA:230,0
DA:231,0
DA:233,0
DA:235,0
DA:237,0
DA:239,0
DA:241,0
DA:242,0
DA:243,0
DA:246,0
DA:249,0
DA:250,0
DA:251,0
DA:252,0
DA:254,0
DA:256,0
DA:258,0
DA:263,0
DA:264,0
DA:266,0
DA:267,0
DA:268,0
DA:269,0
DA:271,0
DA:272,0
DA:273,0
DA:274,0
DA:278,0
DA:279,0
DA:281,0
DA:282,0
DA:283,0
DA:284,0
DA:286,0
DA:287,0
DA:288,0
DA:289,0
DA:292,0
DA:293,0
DA:294,0
DA:295,0
DA:299,0
DA:300,0
DA:304,0
DA:306,0
DA:314,0
LF:142
LH:0
BRDA:24,0,0,0
BRDA:24,0,1,0
BRDA:125,1,0,0
BRDA:125,1,1,0
BRDA:145,2,0,0
BRDA:145,2,1,0
BRDA:153,3,0,0
BRDA:153,3,1,0
BRDA:153,4,0,0
BRDA:153,4,1,0
BRDA:163,5,0,0
BRDA:163,5,1,0
BRDA:163,6,0,0
BRDA:163,6,1,0
BRDA:163,6,2,0
BRDA:178,7,0,0
BRDA:178,7,1,0
BRDA:180,8,0,0
BRDA:180,8,1,0
BRDA:203,9,0,0
BRDA:203,9,1,0
BRDA:230,10,0,0
BRDA:230,10,1,0
BRDA:254,11,0,0
BRDA:254,11,1,0
BRDA:264,12,0,0
BRDA:264,12,1,0
BRDA:279,13,0,0
BRDA:279,13,1,0
BRDA:292,14,0,0
BRDA:292,14,1,0
BRF:31
BRH:0
end_of_record
TN:
SF:js\index.js
FNF:0
FNH:0
LF:0
LH:0
BRF:0
BRH:0
end_of_record
TN:
SF:js\map.js
FN:2,(anonymous_0)
FN:5,(anonymous_1)
FNF:2
FNH:0
FNDA:0,(anonymous_0)
FNDA:0,(anonymous_1)
DA:3,0
DA:4,0
DA:5,0
DA:11,0
LF:4
LH:0
BRDA:2,0,0,0
BRDA:2,1,0,0
BRDA:5,2,0,0
BRDA:5,2,1,0
BRDA:6,3,0,0
BRDA:6,3,1,0
BRDA:6,3,2,0
BRDA:6,3,3,0
BRF:8
BRH:0
end_of_record
TN:
SF:js\palette.js
FNF:0
FNH:0
DA:1,0
LF:1
LH:0
BRF:0
BRH:0
end_of_record
TN:
SF:js\score.js
FN:2,(anonymous_0)
FN:14,(anonymous_1)
FN:19,(anonymous_2)
FNF:3
FNH:0
FNDA:0,(anonymous_0)
FNDA:0,(anonymous_1)
FNDA:0,(anonymous_2)
DA:3,0
DA:4,0
DA:5,0
DA:7,0
DA:15,0
DA:16,0
DA:20,0
LF:7
LH:0
BRF:0
BRH:0
end_of_record
TN:
SF:js\snake.js
FN:10,(anonymous_0)
FN:27,(anonymous_1)
FN:39,(anonymous_2)
FNF:3
FNH:0
FNDA:0,(anonymous_0)
FNDA:0,(anonymous_1)
FNDA:0,(anonymous_2)
DA:12,0
DA:35,0
DA:38,0
DA:39,0
LF:4
LH:0
BRDA:30,0,0,0
BRDA:31,1,0,0
BRF:2
BRH:0
end_of_record
TN:
SF:js\utils.js
FN:12,deg2rad
FN:21,diagonal
FN:27,(anonymous_2)
FN:34,(anonymous_3)
FN:44,sin
FN:49,(anonymous_5)
FN:56,(anonymous_6)
FN:66,cos
FN:70,foodLocator
FN:71,getUnoccupied
FN:73,(anonymous_10)
FN:75,(anonymous_11)
FN:79,(anonymous_12)
FN:86,(anonymous_13)
FNF:14
FNH:0
FNDA:0,deg2rad
FNDA:0,diagonal
FNDA:0,(anonymous_2)
FNDA:0,(anonymous_3)
FNDA:0,sin
FNDA:0,(anonymous_5)
FNDA:0,(anonymous_6)
FNDA:0,cos
FNDA:0,foodLocator
FNDA:0,getUnoccupied
FNDA:0,(anonymous_10)
FNDA:0,(anonymous_11)
FNDA:0,(anonymous_12)
FNDA:0,(anonymous_13)
DA:13,0
DA:22,0
DA:26,0
DA:28,0
DA:29,0
DA:35,0
DA:36,0
DA:45,0
DA:48,0
DA:50,0
DA:51,0
DA:57,0
DA:58,0
DA:67,0
DA:72,0
DA:73,0
DA:75,0
DA:79,0
DA:82,0
DA:87,0
DA:88,0
LF:21
LH:0
BRDA:12,0,0,0
BRDA:21,1,0,0
BRDA:21,2,0,0
BRF:3
BRH:0
end_of_record
TN:
SF:js\viewport.js
FN:4,(anonymous_0)
FN:26,(anonymous_1)
FN:36,(anonymous_2)
FN:41,(anonymous_3)
FN:85,(anonymous_4)
FN:102,(anonymous_5)
FN:110,(anonymous_6)
FN:117,(anonymous_7)
FNF:8
FNH:0
FNDA:0,(anonymous_0)
FNDA:0,(anonymous_1)
FNDA:0,(anonymous_2)
FNDA:0,(anonymous_3)
FNDA:0,(anonymous_4)
FNDA:0,(anonymous_5)
FNDA:0,(anonymous_6)
FNDA:0,(anonymous_7)
DA:11,0
DA:13,0
DA:14,0
DA:15,0
DA:17,0
DA:18,0
DA:20,0
DA:21,0
DA:23,0
DA:27,0
DA:28,0
DA:30,0
DA:31,0
DA:33,0
DA:37,0
DA:38,0
DA:42,0
DA:43,0
DA:86,0
DA:87,0
DA:88,0
DA:89,0
DA:90,0
DA:91,0
DA:103,0
DA:104,0
DA:105,0
DA:106,0
DA:107,0
DA:109,0
DA:111,0
DA:112,0
DA:113,0
DA:114,0
DA:115,0
DA:118,0
DA:119,0
DA:121,0
DA:126,0
DA:130,0
DA:134,0
DA:135,0
LF:42
LH:0
BRDA:8,0,0,0
BRDA:9,1,0,0
BRDA:10,2,0,0
BRDA:85,3,0,0
BRF:4
BRH:0
end_of_record
